<?xml version="1.0" encoding="UTF-8"?>
<testsuite name="com.pulse.server.TtlCacheTest" tests="6" skipped="0" failures="0" errors="0" timestamp="2026-08-02T02:52:28.882Z" hostname="codespaces-7feca9" time="0.062">
  <properties/>
  <testcase name="get returns stored value before expiry()" classname="com.pulse.server.TtlCacheTest" time="0.036"/>
  <testcase name="clear empties cache()" classname="com.pulse.server.TtlCacheTest" time="0.001"/>
  <testcase name="get returns null after expiry()" classname="com.pulse.server.TtlCacheTest" time="0.001"/>
  <testcase name="cache expiry is safe for concurrent reads()" classname="com.pulse.server.TtlCacheTest" time="0.001"/>
  <testcase name="remove deletes key()" classname="com.pulse.server.TtlCacheTest" time="0.001"/>
  <testcase name="evictExpired removes only expired entries()" classname="com.pulse.server.TtlCacheTest" time="0.003"/>
  <system-out><![CDATA[]]></system-out>
  <system-err><![CDATA[]]></system-err>
</testsuite>
